TN:
SF:/Users/suda/Public/demos/practice/ts-pattern/src/index.ts
FNF:0
FNH:0
DA:1,0
LF:1
LH:0
BRF:0
BRH:0
end_of_record
TN:
SF:/Users/suda/Public/demos/practice/ts-pattern/src/behavior-pattern/observer.ts
FN:11,(anonymous_0)
FN:19,(anonymous_2)
FN:15,(anonymous_3)
FN:23,(anonymous_4)
FN:27,(anonymous_5)
FN:32,(anonymous_6)
FN:39,(anonymous_7)
FN:42,(anonymous_9)
FN:46,(anonymous_10)
FNF:9
FNH:7
FNDA:2,(anonymous_0)
FNDA:0,(anonymous_2)
FNDA:1,(anonymous_3)
FNDA:1,(anonymous_4)
FNDA:0,(anonymous_5)
FNDA:1,(anonymous_6)
FNDA:2,(anonymous_7)
FNDA:1,(anonymous_9)
FNDA:1,(anonymous_10)
DA:11,1
DA:12,1
DA:13,1
DA:15,1
DA:16,1
DA:20,0
DA:23,1
DA:24,1
DA:27,1
DA:28,0
DA:29,0
DA:32,1
DA:33,1
DA:34,1
DA:37,1
DA:39,1
DA:40,1
DA:42,1
DA:43,1
DA:46,1
DA:47,1
DA:49,1
LF:22
LH:19
BRF:0
BRH:0
end_of_record
TN:
SF:/Users/suda/Public/demos/practice/ts-pattern/src/create-pattern/abstract-factory.ts
FN:14,(anonymous_0)
FN:15,(anonymous_2)
FN:20,(anonymous_3)
FN:21,(anonymous_5)
FN:26,(anonymous_6)
FN:27,(anonymous_8)
FN:32,(anonymous_9)
FN:33,(anonymous_11)
FN:38,(anonymous_12)
FN:39,(anonymous_14)
FN:42,(anonymous_15)
FN:47,(anonymous_16)
FN:48,(anonymous_18)
FN:51,(anonymous_19)
FNF:14
FNH:14
FNDA:2,(anonymous_0)
FNDA:1,(anonymous_2)
FNDA:2,(anonymous_3)
FNDA:1,(anonymous_5)
FNDA:2,(anonymous_6)
FNDA:1,(anonymous_8)
FNDA:2,(anonymous_9)
FNDA:1,(anonymous_11)
FNDA:2,(anonymous_12)
FNDA:1,(anonymous_14)
FNDA:1,(anonymous_15)
FNDA:2,(anonymous_16)
FNDA:1,(anonymous_18)
FNDA:1,(anonymous_19)
DA:14,1
DA:15,1
DA:16,1
DA:18,1
DA:20,1
DA:21,1
DA:22,1
DA:24,1
DA:26,1
DA:27,1
DA:28,1
DA:30,1
DA:32,1
DA:33,1
DA:34,1
DA:36,1
DA:38,1
DA:39,1
DA:40,1
DA:42,1
DA:43,1
DA:45,1
DA:47,1
DA:48,1
DA:49,1
DA:51,1
DA:52,1
DA:54,1
LF:28
LH:28
BRF:0
BRH:0
end_of_record
TN:
SF:/Users/suda/Public/demos/practice/ts-pattern/src/create-pattern/builder.ts
FN:1,(anonymous_0)
FN:6,Product
FN:20,(anonymous_2)
FN:26,ProductBuilder
FN:30,(anonymous_4)
FN:35,(anonymous_5)
FN:40,(anonymous_6)
FN:45,(anonymous_7)
FNF:8
FNH:8
FNDA:1,(anonymous_0)
FNDA:1,Product
FNDA:1,(anonymous_2)
FNDA:1,ProductBuilder
FNDA:1,(anonymous_4)
FNDA:1,(anonymous_5)
FNDA:1,(anonymous_6)
FNDA:1,(anonymous_7)
DA:1,1
DA:7,1
DA:8,1
DA:9,1
DA:11,1
DA:20,1
DA:21,1
DA:22,1
DA:23,1
DA:24,1
DA:27,1
DA:30,1
DA:31,1
DA:32,1
DA:35,1
DA:36,1
DA:37,1
DA:40,1
DA:41,1
DA:42,1
DA:45,1
DA:46,1
DA:48,1
LF:23
LH:23
BRF:0
BRH:0
end_of_record
TN:
SF:/Users/suda/Public/demos/practice/ts-pattern/src/create-pattern/factory.ts
FN:5,(anonymous_0)
FN:6,(anonymous_2)
FN:11,(anonymous_3)
FN:12,(anonymous_5)
FN:21,(anonymous_6)
FN:22,(anonymous_8)
FNF:6
FNH:6
FNDA:2,(anonymous_0)
FNDA:1,(anonymous_2)
FNDA:2,(anonymous_3)
FNDA:1,(anonymous_5)
FNDA:2,(anonymous_6)
FNDA:2,(anonymous_8)
DA:5,1
DA:6,1
DA:7,1
DA:9,1
DA:11,1
DA:12,1
DA:13,1
DA:15,1
DA:21,1
DA:22,1
DA:23,2
DA:24,1
DA:25,1
DA:26,1
DA:29,0
DA:31,1
LF:16
LH:15
BRDA:23,0,0,1
BRDA:23,0,1,1
BRDA:25,1,0,1
BRDA:25,1,1,0
BRF:4
BRH:3
end_of_record
TN:
SF:/Users/suda/Public/demos/practice/ts-pattern/src/create-pattern/iterator.ts
FN:15,(anonymous_0)
FN:19,NumberIterator
FN:23,(anonymous_2)
FN:27,(anonymous_3)
FN:31,(anonymous_4)
FN:35,(anonymous_5)
FN:41,(anonymous_6)
FN:43,NumberAggregate
FN:47,(anonymous_8)
FNF:9
FNH:9
FNDA:1,(anonymous_0)
FNDA:4,NumberIterator
FNDA:1,(anonymous_2)
FNDA:7,(anonymous_3)
FNDA:2,(anonymous_4)
FNDA:2,(anonymous_5)
FNDA:1,(anonymous_6)
FNDA:4,NumberAggregate
FNDA:4,(anonymous_8)
DA:15,1
DA:16,4
DA:17,4
DA:20,4
DA:23,1
DA:24,1
DA:27,1
DA:28,7
DA:31,1
DA:32,2
DA:35,1
DA:36,2
DA:38,1
DA:41,1
DA:42,4
DA:44,4
DA:47,1
DA:48,4
DA:50,1
LF:19
LH:19
BRF:0
BRH:0
end_of_record
TN:
SF:/Users/suda/Public/demos/practice/ts-pattern/src/create-pattern/prototype.ts
FN:6,(anonymous_0)
FN:7,(anonymous_2)
FN:11,(anonymous_3)
FNF:3
FNH:3
FNDA:2,(anonymous_0)
FNDA:2,(anonymous_2)
FNDA:1,(anonymous_3)
DA:6,1
DA:7,1
DA:8,2
DA:11,1
DA:12,1
DA:14,1
LF:6
LH:6
BRF:0
BRH:0
end_of_record
TN:
SF:/Users/suda/Public/demos/practice/ts-pattern/src/create-pattern/singleton.ts
FN:1,(anonymous_0)
FN:4,Singleton
FN:6,(anonymous_2)
FNF:3
FNH:3
FNDA:1,(anonymous_0)
FNDA:1,Singleton
FNDA:2,(anonymous_2)
DA:1,1
DA:6,1
DA:7,2
DA:8,1
DA:11,2
DA:13,1
LF:6
LH:6
BRDA:7,0,0,1
BRDA:7,0,1,1
BRF:2
BRH:2
end_of_record
TN:
SF:/Users/suda/Public/demos/practice/ts-pattern/src/create-pattern/singletonEx.ts
FN:1,(anonymous_0)
FN:4,SingletonEx
FN:6,(anonymous_2)
FNF:3
FNH:2
FNDA:1,(anonymous_0)
FNDA:0,SingletonEx
FNDA:3,(anonymous_2)
DA:1,1
DA:2,1
DA:6,1
DA:7,3
DA:8,1
DA:11,3
DA:13,1
LF:7
LH:7
BRDA:7,0,0,1
BRDA:7,0,1,2
BRF:2
BRH:2
end_of_record
